[2026-01-04 20:37]
This is a test
--------------------------------
[2026-01-04 21:31]
this is the second test
--------------------------------
[2026-01-05 09:38]
just a test
--------------------------------
[2026-01-05 10:18]
i rewrite cpp_template with mordern cmake
--------------------------------
[2026-01-05 10:58]
modernize cmake of cpp_template
--------------------------------
[2026-01-05 11:38]
i change arkman project strcuture follow modern cmake
--------------------------------
[2026-01-05 12:18]
just watching ihentai
--------------------------------
[2026-01-05 14:09]
i just trying to search chinese porn and faile,now i start reading cp blog
--------------------------------
[2026-01-05 14:49]
i was posponding, i did not finish ready codfore blog yet but i try typing and unlock 2 more character. 2 blog to go
--------------------------------
[2026-01-05 15:29]
just finish reading codeforce guild blog, that too long, i should re read later
--------------------------------
[2026-01-05 16:09]
maturbase
--------------------------------
[2026-01-05 16:54]
i just take a shower and now i will buy gorcery
--------------------------------
[2026-01-05 17:31]
just  come back from grocery store, i need less hesitate when make decision
--------------------------------
[2026-01-05 18:11]
eating and watching gintama
--------------------------------
[2026-01-05 18:51]
just finish gintama
--------------------------------
[2026-01-05 19:31]
start coding cp
--------------------------------
[2026-01-05 20:11]
still solve that problem
--------------------------------
[2026-01-05 20:51]
the second problem
--------------------------------
[2026-01-05 21:31]
the second problem
--------------------------------
[2026-01-05 22:11]
i still stuck at that problem, i know i should watch the solution but i cant
--------------------------------
[2026-01-05 22:52]
yes
--------------------------------
[2026-01-06 11:31]
i solve 2 cp and 1 inprocess. why the checkpoint do not show up
--------------------------------
[2026-01-06 12:11]
lunch and watiching gintama
--------------------------------
[2026-01-06 14:13]
still solve the vnoi problem. not done yet
--------------------------------
[2026-01-06 14:53]
still that problem i get wrong answer at subtest 721 of test 2
--------------------------------
[2026-01-06 15:33]
stay away from the problem and trying to do c project
--------------------------------
[2026-01-06 16:13]
random with c
--------------------------------
[2026-01-06 16:53]
second c project
--------------------------------
[2026-01-06 17:33]
still the second c project, mem_arena
--------------------------------
[2026-01-06 19:33]
prepare to eat when watching gintama
--------------------------------
[2026-01-06 20:13]
finsih eating, now cp
--------------------------------
[2026-01-06 20:53]
first cp problem
--------------------------------
[2026-01-06 21:33]
solved a problem, now write my cp template
--------------------------------
[2026-01-06 22:13]
i still write cp template
--------------------------------
[2026-01-07 07:56]
manacher algorithm
--------------------------------
[2026-01-07 08:36]
still manacher problem
--------------------------------
[2026-01-07 09:16]
just relax and till do that problem
--------------------------------
[2026-01-07 09:56]
done the problem, writing cp template
--------------------------------
[2026-01-07 10:36]
template, keyboard and the second problem
--------------------------------
[2026-01-07 11:16]
still the 2nd cp
--------------------------------
[2026-01-07 11:56]
lunch and gintama
--------------------------------
[2026-01-07 14:00]
the second cp
--------------------------------
[2026-01-07 14:40]
i sovle the second problem and on the way solve 3rd problem
--------------------------------
[2026-01-07 15:20]
 i just solve another problem. now typing then c project
--------------------------------
[2026-01-07 16:00]
c project
--------------------------------
[2026-01-07 16:40]
fix the mem-arena allocator
--------------------------------
[2026-01-07 17:20]
c project
--------------------------------
[2026-01-07 18:00]
c project
--------------------------------
[2026-01-07 19:53]
finhsedh cooking dinner.
--------------------------------
[2026-01-07 20:33]
ginatama
--------------------------------
[2026-01-07 21:13]
gintama, caox post
--------------------------------
[2026-01-07 21:53]
cp
--------------------------------
[2026-01-08 07:20]
just wakeup and read the yesterday cp solution
--------------------------------
[2026-01-08 08:00]
euler tour vnoi cp
--------------------------------
[2026-01-08 08:40]
still euler problem
--------------------------------
[2026-01-08 09:20]
still that problem
--------------------------------
[2026-01-08 10:00]
just finished that problem, it only 2k point, wtd
--------------------------------
[2026-01-08 10:40]
washplate, social browse, and honestly, i do not remember
--------------------------------
[2026-01-08 11:05]
coding
--------------------------------
[2026-01-08 11:30]
buy bread and solvecp
--------------------------------
[2026-01-08 11:55]
lunch
--------------------------------
[2026-01-08 12:20]
cp
--------------------------------
[2026-01-08 13:54]
cp
--------------------------------
[2026-01-08 14:19]
just solve a cp
--------------------------------
[2026-01-08 14:44]
cp
--------------------------------
[2026-01-08 15:09]
2nd problem
--------------------------------
[2026-01-08 15:34]
still that cp
--------------------------------
[2026-01-08 15:59]
 1 cp problem
--------------------------------
[2026-01-08 16:24]
relaxing
--------------------------------
[2026-01-08 16:49]
c_project
--------------------------------
[2026-01-08 17:14]
c project
--------------------------------
[2026-01-08 17:39]
c project
--------------------------------
[2026-01-08 18:04]
c project
--------------------------------
[2026-01-08 20:06]
cooking dinner
--------------------------------
[2026-01-08 20:31]
eating dinner
--------------------------------
[2026-01-08 20:56]
gintama
--------------------------------
[2026-01-08 21:21]
watching gintama
--------------------------------
